This file contains any messages produced by compilers while
running configure, to aid debugging if configure makes a mistake.

It was created by XML-Security-C configure 1.2.0, which was
generated by GNU Autoconf 2.59.  Invocation command line was

  $ ./configure CPPFLAGS=-I/root/CineCast/public/openssl/include -I/root/CineCast/public/xerces-c/include -fPIC LDFLAGS=-L/root/CineCast/public/openssl/lib -L/root/CineCast/public/xerces-c/lib LIBS= -lxerces-c -lxerces-depdom

## --------- ##
## Platform. ##
## --------- ##

hostname = localhost.localdomain
uname -m = x86_64
uname -r = 3.12.45
uname -s = Linux
uname -v = #1 SMP Wed Aug 5 00:18:30 CST 2015

/usr/bin/uname -p = unknown
/bin/uname -X     = unknown

/bin/arch              = x86_64
/usr/bin/arch -k       = unknown
/usr/convex/getsysinfo = unknown
hostinfo               = unknown
/bin/machine           = unknown
/usr/bin/oslevel       = unknown
/bin/universe          = unknown

PATH: /root/.gvm/bin
PATH: /root/.gvm/bin
PATH: /usr/lib64/qt-3.3/bin
PATH: /usr/local/sbin
PATH: /usr/local/bin
PATH: /sbin
PATH: /bin
PATH: /usr/sbin
PATH: /usr/bin
PATH: /usr/local/go/bin
PATH: /home/wanghe/workspace/go/bin
PATH: /root/bin


## ----------- ##
## Core tests. ##
## ----------- ##

configure:1427: checking for gcc
configure:1443: found /usr/bin/gcc
configure:1453: result: gcc
configure:1697: checking for C compiler version
configure:1700: gcc --version </dev/null >&5
gcc (GCC) 4.4.7 20120313 (Red Hat 4.4.7-11)
Copyright (C) 2010 Free Software Foundation, Inc.
This is free software; see the source for copying conditions.  There is NO
warranty; not even for MERCHANTABILITY or FITNESS FOR A PARTICULAR PURPOSE.

configure:1703: $? = 0
configure:1705: gcc -v </dev/null >&5
Using built-in specs.
Target: x86_64-redhat-linux
Configured with: ../configure --prefix=/usr --mandir=/usr/share/man --infodir=/usr/share/info --with-bugurl=http://bugzilla.redhat.com/bugzilla --enable-bootstrap --enable-shared --enable-threads=posix --enable-checking=release --with-system-zlib --enable-__cxa_atexit --disable-libunwind-exceptions --enable-gnu-unique-object --enable-languages=c,c++,objc,obj-c++,java,fortran,ada --enable-java-awt=gtk --disable-dssi --with-java-home=/usr/lib/jvm/java-1.5.0-gcj-1.5.0.0/jre --enable-libgcj-multifile --enable-java-maintainer-mode --with-ecj-jar=/usr/share/java/eclipse-ecj.jar --disable-libjava-multilib --with-ppl --with-cloog --with-tune=generic --with-arch_32=i686 --build=x86_64-redhat-linux
Thread model: posix
gcc version 4.4.7 20120313 (Red Hat 4.4.7-11) (GCC) 
configure:1708: $? = 0
configure:1710: gcc -V </dev/null >&5
gcc: '-V' option must have argument
configure:1713: $? = 1
configure:1736: checking for C compiler default output file name
configure:1739: gcc  -O2 -DNDEBUG -I/root/CineCast/public/openssl/include -I/root/CineCast/public/xerces-c/include -fPIC -L/root/CineCast/public/openssl/lib -L/root/CineCast/public/xerces-c/lib conftest.c  -lxerces-c -lxerces-depdom >&5
configure:1742: $? = 0
configure:1788: result: a.out
configure:1793: checking whether the C compiler works
configure:1799: ./a.out
./a.out: error while loading shared libraries: libxerces-c.so.27: cannot open shared object file: No such file or directory
configure:1802: $? = 127
configure:1811: error: cannot run C compiled programs.
If you meant to cross compile, use `--host'.
See `config.log' for more details.

## ---------------- ##
## Cache variables. ##
## ---------------- ##

ac_cv_env_CC_set=
ac_cv_env_CC_value=
ac_cv_env_CFLAGS_set=
ac_cv_env_CFLAGS_value=
ac_cv_env_CPPFLAGS_set=set
ac_cv_env_CPPFLAGS_value='-I/root/CineCast/public/openssl/include -I/root/CineCast/public/xerces-c/include -fPIC'
ac_cv_env_CPP_set=
ac_cv_env_CPP_value=
ac_cv_env_CXXCPP_set=
ac_cv_env_CXXCPP_value=
ac_cv_env_CXXFLAGS_set=
ac_cv_env_CXXFLAGS_value=
ac_cv_env_CXX_set=
ac_cv_env_CXX_value=
ac_cv_env_LDFLAGS_set=set
ac_cv_env_LDFLAGS_value='-L/root/CineCast/public/openssl/lib -L/root/CineCast/public/xerces-c/lib'
ac_cv_env_build_alias_set=
ac_cv_env_build_alias_value=
ac_cv_env_host_alias_set=
ac_cv_env_host_alias_value=
ac_cv_env_target_alias_set=
ac_cv_env_target_alias_value=
ac_cv_exeext=
ac_cv_prog_ac_ct_CC=gcc

## ----------------- ##
## Output variables. ##
## ----------------- ##

AUTOCONF=''
AWK=''
CC='gcc'
CFLAGS=' -O2 -DNDEBUG'
CPP=''
CPPFLAGS='-I/root/CineCast/public/openssl/include -I/root/CineCast/public/xerces-c/include -fPIC'
CXX=''
CXXCPP=''
CXXFLAGS=' -O2 -DNDEBUG'
DEFS=''
ECHO_C=''
ECHO_N='-n'
ECHO_T=''
EGREP=''
EXEEXT=''
INSTALL_COMMAND_1=''
INSTALL_COMMAND_2=''
INSTALL_COMMAND_3=''
INSTALL_DATA=''
INSTALL_PROGRAM=''
INSTALL_SCRIPT=''
LDFLAGS='-L/root/CineCast/public/openssl/lib -L/root/CineCast/public/xerces-c/lib'
LIBOBJS=''
LIBS=' -lxerces-c -lxerces-depdom'
LINK_COMMAND_1=''
LINK_COMMAND_2=''
LN_S=''
LTLIBOBJS=''
OBJEXT=''
PACKAGE_BUGREPORT='security-dev@xml.apache.org'
PACKAGE_NAME='XML-Security-C'
PACKAGE_STRING='XML-Security-C 1.2.0'
PACKAGE_TARNAME='xml-security-c'
PACKAGE_VERSION='1.2.0'
PATH_SEPARATOR=':'
SHELL='/bin/sh'
ac_ct_CC='gcc'
ac_ct_CXX=''
bindir='${exec_prefix}/bin'
bitstobuild=''
build=''
build_alias=''
build_cpu=''
build_os=''
build_vendor=''
canon_include_files=''
canon_obj_files=''
cc1=''
cc4=''
cc=''
cflags=''
cppflags=''
cxx=''
cxxflags=''
datadir='${prefix}/share'
dsig_include_files=''
dsig_obj_files=''
enc_OpenSSL_include_files=''
enc_OpenSSL_obj_files=''
enc_XSCrypt_include_files=''
enc_XSCrypt_obj_files=''
enc_include_files=''
enc_obj_files=''
exec_prefix='NONE'
framework_include_files=''
framework_obj_files=''
host=''
host_alias=''
host_cpu=''
host_os=''
host_vendor=''
includedir='${prefix}/include'
infodir='${prefix}/info'
install=''
install_data=''
ldflags=''
lib_include_files=''
lib_major_name=''
lib_name=''
lib_obj_files=''
lib_short_name=''
libdir='${exec_prefix}/lib'
libexecdir='${exec_prefix}/libexec'
libs=''
link=''
ln_s=''
localstatedir='${prefix}/var'
make_shared=''
mandir='${prefix}/man'
objsuffix=''
oldincludedir='/usr/include'
osver=''
package_name=''
package_tarname=''
package_version=''
package_version_major=''
platform=''
prefix='NONE'
program_transform_name='s,x,x,'
sbindir='${exec_prefix}/sbin'
sharedstatedir='${prefix}/com'
shlibsuffix=''
sysconfdir='${prefix}/etc'
target_alias=''
threads=''
transcoder=''
transformers_include_files=''
transformers_obj_files=''
utils_include_files=''
utils_obj_files=''
utils_unixutils_include_files=''
utils_unixutils_obj_files=''
xenc_impl_obj_files=''
xenc_include_files=''
xenc_obj_files=''
xkms_impl_obj_files=''
xkms_include_files=''
xkms_obj_files=''

## ----------- ##
## confdefs.h. ##
## ----------- ##

#define PACKAGE_BUGREPORT "security-dev@xml.apache.org"
#define PACKAGE_NAME "XML-Security-C"
#define PACKAGE_STRING "XML-Security-C 1.2.0"
#define PACKAGE_TARNAME "xml-security-c"
#define PACKAGE_VERSION "1.2.0"

configure: exit 1
