This file contains any messages produced by compilers while
running configure, to aid debugging if configure makes a mistake.

configure:529: checking for gcc
configure:642: checking whether the C compiler (gcc   -w -O -DNDEBUG -DPROJ_XMLPARSER  -DPROJ_XMLUTIL  -DPROJ_PARSERS  -DPROJ_SAX4C  -DPROJ_SAX2  -DPROJ_DOM -DPROJ_DEPRECATED_DOM -DPROJ_VALIDATORS -DXML_USE_NATIVE_TRANSCODER -DXML_USE_INMEM_MESSAGELOADER -DXML_USE_PTHREADS -DXML_USE_NETACCESSOR_SOCKET       ) works
configure:658: gcc -o conftest   -w -O -DNDEBUG -DPROJ_XMLPARSER  -DPROJ_XMLUTIL  -DPROJ_PARSERS  -DPROJ_SAX4C  -DPROJ_SAX2  -DPROJ_DOM -DPROJ_DEPRECATED_DOM -DPROJ_VALIDATORS -DXML_USE_NATIVE_TRANSCODER -DXML_USE_INMEM_MESSAGELOADER -DXML_USE_PTHREADS -DXML_USE_NETACCESSOR_SOCKET         conftest.c   -lpthread  1>&5
configure:684: checking whether the C compiler (gcc   -w -O -DNDEBUG -DPROJ_XMLPARSER  -DPROJ_XMLUTIL  -DPROJ_PARSERS  -DPROJ_SAX4C  -DPROJ_SAX2  -DPROJ_DOM -DPROJ_DEPRECATED_DOM -DPROJ_VALIDATORS -DXML_USE_NATIVE_TRANSCODER -DXML_USE_INMEM_MESSAGELOADER -DXML_USE_PTHREADS -DXML_USE_NETACCESSOR_SOCKET       ) is a cross-compiler
configure:689: checking whether we are using GNU C
configure:698: gcc -E conftest.c
configure:717: checking whether gcc accepts -g
configure:753: checking for c++
configure:785: checking whether the C++ compiler (c++   -w -O -DNDEBUG -DPROJ_XMLPARSER  -DPROJ_XMLUTIL  -DPROJ_PARSERS  -DPROJ_SAX4C  -DPROJ_SAX2  -DPROJ_DOM -DPROJ_DEPRECATED_DOM -DPROJ_VALIDATORS -DXML_USE_NATIVE_TRANSCODER -DXML_USE_INMEM_MESSAGELOADER -DXML_USE_PTHREADS -DXML_USE_NETACCESSOR_SOCKET      ) works
configure:801: c++ -o conftest   -w -O -DNDEBUG -DPROJ_XMLPARSER  -DPROJ_XMLUTIL  -DPROJ_PARSERS  -DPROJ_SAX4C  -DPROJ_SAX2  -DPROJ_DOM -DPROJ_DEPRECATED_DOM -DPROJ_VALIDATORS -DXML_USE_NATIVE_TRANSCODER -DXML_USE_INMEM_MESSAGELOADER -DXML_USE_PTHREADS -DXML_USE_NETACCESSOR_SOCKET        conftest.C   -lpthread  1>&5
configure:827: checking whether the C++ compiler (c++   -w -O -DNDEBUG -DPROJ_XMLPARSER  -DPROJ_XMLUTIL  -DPROJ_PARSERS  -DPROJ_SAX4C  -DPROJ_SAX2  -DPROJ_DOM -DPROJ_DEPRECATED_DOM -DPROJ_VALIDATORS -DXML_USE_NATIVE_TRANSCODER -DXML_USE_INMEM_MESSAGELOADER -DXML_USE_PTHREADS -DXML_USE_NETACCESSOR_SOCKET      ) is a cross-compiler
configure:832: checking whether we are using GNU C++
configure:841: c++ -E conftest.C
configure:860: checking whether c++ accepts -g
configure:909: gcc -c   -w -O -DNDEBUG -DPROJ_XMLPARSER  -DPROJ_XMLUTIL  -DPROJ_PARSERS  -DPROJ_SAX4C  -DPROJ_SAX2  -DPROJ_DOM -DPROJ_DEPRECATED_DOM -DPROJ_VALIDATORS -DXML_USE_NATIVE_TRANSCODER -DXML_USE_INMEM_MESSAGELOADER -DXML_USE_PTHREADS -DXML_USE_NETACCESSOR_SOCKET     conftest.c 1>&5
configure:926: gcc -c   -w -O -DNDEBUG -DPROJ_XMLPARSER  -DPROJ_XMLUTIL  -DPROJ_PARSERS  -DPROJ_SAX4C  -DPROJ_SAX2  -DPROJ_DOM -DPROJ_DEPRECATED_DOM -DPROJ_VALIDATORS -DXML_USE_NATIVE_TRANSCODER -DXML_USE_INMEM_MESSAGELOADER -DXML_USE_PTHREADS -DXML_USE_NETACCESSOR_SOCKET     conftest.c 1>&5
configure:973: checking for a BSD compatible install
configure:1028: checking for autoconf
configure:1058: checking how to run the C preprocessor
configure:1079: gcc -E  conftest.c >/dev/null 2>conftest.out
configure:1138: checking for ANSI C header files
configure:1151: gcc -E  conftest.c >/dev/null 2>conftest.out
configure:1218: gcc -o conftest   -w -O -DNDEBUG -DPROJ_XMLPARSER  -DPROJ_XMLUTIL  -DPROJ_PARSERS  -DPROJ_SAX4C  -DPROJ_SAX2  -DPROJ_DOM -DPROJ_DEPRECATED_DOM -DPROJ_VALIDATORS -DXML_USE_NATIVE_TRANSCODER -DXML_USE_INMEM_MESSAGELOADER -DXML_USE_PTHREADS -DXML_USE_NETACCESSOR_SOCKET         conftest.c   -lpthread  1>&5
configure:1242: checking for XMLByte
configure:1282: checking host system type
